<?xml version="1.0" encoding="UTF-8"?>
<testsuite xmlns:xsi="http://www.w3.org/2001/XMLSchema-instance" xsi:noNamespaceSchemaLocation="https://maven.apache.org/surefire/maven-surefire-plugin/xsd/surefire-test-report-3.0.xsd" version="3.0" name="AppTest" time="0.623" tests="2" errors="0" skipped="0" failures="0">
  <properties>
[...]
</properties>
  <testcase name="somaDeDoisNumerosEhComutativa" classname="AppTest" time="0.418">
    <system-out><![CDATA[timestamp = 2025-03-30T18:57:40.744492600, AppTest:somaDeDoisNumerosEhComutativa = 
                              |-----------------------jqwik-----------------------
tries = 1000                  | # of calls to property
checks = 1000                 | # of not rejected calls
generation = RANDOMIZED       | parameters are randomly generated
after-failure = SAMPLE_FIRST  | try previously failed sample, then previous seed
when-fixed-seed = ALLOW       | fixing the random seed is allowed
edge-cases#mode = MIXIN       | edge cases are mixed in
edge-cases#total = 81         | # of all combined edge cases
edge-cases#tried = 81         | # of edge cases tried in current run
seed = 7883751671468102218    | random seed to reproduce generated values


]]></system-out>
    <system-err><![CDATA[mar. 30, 2025 6:57:40 PM net.jqwik.engine.execution.AfterFailureParametersGenerator logAfterFailureHandling
INFO: After Failure Handling: SAMPLE_FIRST, Previous Generation: <GenerationInfo(7883751671468102218, 1, [size=2])>
]]></system-err>
  </testcase>
  <testcase name="concatenacaoNaoAlteraTamanho" classname="AppTest" time="0.178">
    <system-out><![CDATA[timestamp = 2025-03-30T18:57:40.932507500, AppTest:concatenacaoNaoAlteraTamanho = 
                              |-----------------------jqwik-----------------------
tries = 1000                  | # of calls to property
checks = 1000                 | # of not rejected calls
generation = RANDOMIZED       | parameters are randomly generated
after-failure = SAMPLE_FIRST  | try previously failed sample, then previous seed
when-fixed-seed = ALLOW       | fixing the random seed is allowed
edge-cases#mode = MIXIN       | edge cases are mixed in
edge-cases#total = 9          | # of all combined edge cases
edge-cases#tried = 9          | # of edge cases tried in current run
seed = 7131001399892230569    | random seed to reproduce generated values


]]></system-out>
  </testcase>
</testsuite>